\BOOKMARK [0][-]{Doc-Start}{\376\377\000L\000i\000s\000t\000a\000\040\000d\000e\000\040\000T\000a\000b\000l\000a\000s}{}% 1
\BOOKMARK [0][-]{chapter.1}{\376\377\000R\000e\000s\000u\000m\000e\000n\000\040\000E\000j\000e\000c\000u\000t\000i\000v\000o}{}% 2
\BOOKMARK [1][-]{section.1.1}{\376\377\000V\000i\000s\000i\000\363\000n\000\040\000G\000e\000n\000e\000r\000a\000l\000\040\000d\000e\000l\000\040\000P\000r\000o\000y\000e\000c\000t\000o}{chapter.1}% 3
\BOOKMARK [2][-]{subsection.1.1.1}{\376\377\000D\000e\000s\000c\000r\000i\000p\000c\000i\000\363\000n\000\040\000d\000e\000l\000\040\000P\000r\000o\000b\000l\000e\000m\000a}{section.1.1}% 4
\BOOKMARK [2][-]{subsection.1.1.2}{\376\377\000S\000o\000l\000u\000c\000i\000\363\000n\000\040\000P\000r\000o\000p\000u\000e\000s\000t\000a}{section.1.1}% 5
\BOOKMARK [2][-]{subsection.1.1.3}{\376\377\000C\000o\000m\000p\000o\000n\000e\000n\000t\000e\000s\000\040\000d\000e\000l\000\040\000S\000i\000s\000t\000e\000m\000a}{section.1.1}% 6
\BOOKMARK [1][-]{section.1.2}{\376\377\000M\000o\000d\000e\000l\000o\000\040\000d\000e\000\040\000I\000m\000p\000l\000e\000m\000e\000n\000t\000a\000c\000i\000\363\000n\000\040\000p\000o\000r\000\040\000N\000i\000v\000e\000l\000e\000s}{chapter.1}% 7
\BOOKMARK [1][-]{section.1.3}{\376\377\000B\000e\000n\000e\000f\000i\000c\000i\000o\000s\000\040\000C\000u\000a\000n\000t\000i\000f\000i\000c\000a\000b\000l\000e\000s}{chapter.1}% 8
\BOOKMARK [0][-]{chapter.2}{\376\377\000A\000n\000\341\000l\000i\000s\000i\000s\000\040\000d\000e\000\040\000C\000o\000n\000t\000e\000x\000t\000o\000\040\000y\000\040\000S\000t\000a\000k\000e\000h\000o\000l\000d\000e\000r\000s}{}% 9
\BOOKMARK [1][-]{section.2.1}{\376\377\000C\000o\000n\000t\000e\000x\000t\000o\000\040\000d\000e\000\040\000N\000e\000g\000o\000c\000i\000o}{chapter.2}% 10
\BOOKMARK [2][-]{subsection.2.1.1}{\376\377\000O\000r\000g\000a\000n\000i\000z\000a\000c\000i\000\363\000n}{section.2.1}% 11
\BOOKMARK [1][-]{section.2.2}{\376\377\000A\000n\000\341\000l\000i\000s\000i\000s\000\040\000d\000e\000\040\000S\000t\000a\000k\000e\000h\000o\000l\000d\000e\000r\000s}{chapter.2}% 12
\BOOKMARK [2][-]{subsection.2.2.1}{\376\377\000D\000i\000g\000i\000t\000a\000d\000o\000r\000\040\000\050\000T\000r\000a\000n\000s\000c\000r\000i\000p\000t\000o\000r\000\051}{section.2.2}% 13
\BOOKMARK [2][-]{subsection.2.2.2}{\376\377\000S\000u\000p\000e\000r\000v\000i\000s\000o\000r}{section.2.2}% 14
\BOOKMARK [2][-]{subsection.2.2.3}{\376\377\000A\000d\000m\000i\000n\000i\000s\000t\000r\000a\000d\000o\000r}{section.2.2}% 15
\BOOKMARK [1][-]{section.2.3}{\376\377\000M\000a\000t\000r\000i\000z\000\040\000R\000A\000C\000I}{chapter.2}% 16
\BOOKMARK [0][-]{chapter.3}{\376\377\000A\000r\000q\000u\000i\000t\000e\000c\000t\000u\000r\000a\000\040\000d\000e\000l\000\040\000S\000i\000s\000t\000e\000m\000a}{}% 17
\BOOKMARK [1][-]{section.3.1}{\376\377\000V\000i\000s\000i\000\363\000n\000\040\000G\000e\000n\000e\000r\000a\000l}{chapter.3}% 18
\BOOKMARK [1][-]{section.3.2}{\376\377\000S\000t\000a\000c\000k\000\040\000T\000e\000c\000n\000o\000l\000\363\000g\000i\000c\000o}{chapter.3}% 19
\BOOKMARK [1][-]{section.3.3}{\376\377\000M\000o\000d\000e\000l\000o\000\040\000d\000e\000\040\000D\000a\000t\000o\000s\000\040\000P\000r\000i\000n\000c\000i\000p\000a\000l}{chapter.3}% 20
\BOOKMARK [1][-]{section.3.4}{\376\377\000C\000o\000m\000u\000n\000i\000c\000a\000c\000i\000\363\000n\000\040\000e\000n\000\040\000T\000i\000e\000m\000p\000o\000\040\000R\000e\000a\000l}{chapter.3}% 21
\BOOKMARK [1][-]{section.3.5}{\376\377\000S\000e\000g\000u\000r\000i\000d\000a\000d\000\040\000d\000e\000l\000\040\000S\000i\000s\000t\000e\000m\000a}{chapter.3}% 22
\BOOKMARK [0][-]{chapter.4}{\376\377\000R\000o\000a\000d\000m\000a\000p\000\040\000d\000e\000\040\000I\000m\000p\000l\000e\000m\000e\000n\000t\000a\000c\000i\000\363\000n}{}% 23
\BOOKMARK [1][-]{section.4.1}{\376\377\000F\000i\000l\000o\000s\000o\000f\000\355\000a\000\040\000d\000e\000\040\000D\000e\000s\000a\000r\000r\000o\000l\000l\000o}{chapter.4}% 24
\BOOKMARK [1][-]{section.4.2}{\376\377\000N\000i\000v\000e\000l\000\040\0001\000\040\000\050\000M\000e\000s\000\040\0001\000\051\000:\000\040\000P\000r\000o\000d\000u\000c\000t\000o\000\040\000M\000\355\000n\000i\000m\000o\000\040\000V\000i\000a\000b\000l\000e}{chapter.4}% 25
\BOOKMARK [2][-]{subsection.4.2.1}{\376\377\000S\000p\000r\000i\000n\000t\000\040\0001\000:\000\040\000I\000n\000f\000r\000a\000e\000s\000t\000r\000u\000c\000t\000u\000r\000a\000,\000\040\000B\000a\000s\000e\000\040\000d\000e\000\040\000D\000a\000t\000o\000s\000\040\000y\000\040\000E\000s\000t\000r\000u\000c\000t\000u\000r\000a\000\040\000d\000e\000l\000\040\000D\000o\000c\000u\000m\000e\000n\000t\000o}{section.4.2}% 26
\BOOKMARK [3][-]{subsubsection.4.2.1.1}{\376\377\000F\000u\000n\000c\000i\000o\000n\000a\000l\000i\000d\000a\000d\000\040\0001\000:\000\040\000C\000o\000n\000f\000i\000g\000u\000r\000a\000c\000i\000\363\000n\000\040\000d\000e\000l\000\040\000B\000a\000c\000k\000e\000n\000d\000\040\000y\000\040\000B\000a\000s\000e\000\040\000d\000e\000\040\000D\000a\000t\000o\000s}{subsection.4.2.1}% 27
\BOOKMARK [3][-]{subsubsection.4.2.1.2}{\376\377\000F\000u\000n\000c\000i\000o\000n\000a\000l\000i\000d\000a\000d\000\040\0002\000:\000\040\000A\000u\000t\000e\000n\000t\000i\000c\000a\000c\000i\000\363\000n\000\040\000y\000\040\000R\000o\000l\000e\000s}{subsection.4.2.1}% 28
\BOOKMARK [3][-]{subsubsection.4.2.1.3}{\376\377\000F\000u\000n\000c\000i\000o\000n\000a\000l\000i\000d\000a\000d\000\040\0003\000:\000\040\000F\000r\000o\000n\000t\000e\000n\000d\000\040\000N\000e\000x\000t\000.\000j\000s\000\040\000B\000a\000s\000e}{subsection.4.2.1}% 29
\BOOKMARK [3][-]{subsubsection.4.2.1.4}{\376\377\000F\000u\000n\000c\000i\000o\000n\000a\000l\000i\000d\000a\000d\000\040\0004\000:\000\040\000A\000P\000I\000\040\000R\000E\000S\000T\000\040\000d\000e\000\040\000A\000u\000d\000i\000e\000n\000c\000i\000a\000s\000\040\000y\000\040\000E\000s\000t\000r\000u\000c\000t\000u\000r\000a\000\040\000C\000l\000a\000r\000a\000\040\000d\000e\000l\000\040\000D\000o\000c\000u\000m\000e\000n\000t\000o}{subsection.4.2.1}% 30
\BOOKMARK [3][-]{subsubsection.4.2.1.5}{\376\377\000F\000u\000n\000c\000i\000o\000n\000a\000l\000i\000d\000a\000d\000\040\0005\000:\000\040\000I\000n\000t\000e\000g\000r\000a\000c\000i\000\363\000n\000\040\000W\000e\000b\000S\000o\000c\000k\000e\000t\000\040\000c\000o\000n\000\040\000D\000e\000e\000p\000g\000r\000a\000m\000\040\000y\000\040\000D\000e\000t\000e\000c\000c\000i\000\363\000n\000\040\000M\000u\000l\000t\000i\000-\000R\000o\000l}{subsection.4.2.1}% 31
\BOOKMARK [2][-]{subsection.4.2.2}{\376\377\000S\000p\000r\000i\000n\000t\000\040\0002\000:\000\040\000G\000u\000a\000r\000d\000a\000d\000o\000\040\000d\000e\000\040\000A\000u\000d\000i\000o\000s\000\040\000y\000\040\000T\000r\000a\000n\000s\000c\000r\000i\000p\000c\000i\000o\000n\000e\000s}{section.4.2}% 32
\BOOKMARK [3][-]{subsubsection.4.2.2.1}{\376\377\000F\000u\000n\000c\000i\000o\000n\000a\000l\000i\000d\000a\000d\000\040\0001\000:\000\040\000C\000a\000p\000t\000u\000r\000a\000\040\000d\000e\000\040\000A\000u\000d\000i\000o\000\040\000e\000n\000\040\000e\000l\000\040\000N\000a\000v\000e\000g\000a\000d\000o\000r}{subsection.4.2.2}% 33
\BOOKMARK [3][-]{subsubsection.4.2.2.2}{\376\377\000F\000u\000n\000c\000i\000o\000n\000a\000l\000i\000d\000a\000d\000\040\0002\000:\000\040\000G\000r\000a\000b\000a\000c\000i\000\363\000n\000\040\000W\000A\000V\000\040\000e\000n\000\040\000S\000e\000r\000v\000i\000d\000o\000r\000\040\000\050\000G\000u\000a\000r\000d\000a\000d\000o\000\040\000C\000o\000r\000r\000e\000c\000t\000o\000\040\000d\000e\000\040\000A\000u\000d\000i\000o\000\051}{subsection.4.2.2}% 34
\BOOKMARK [3][-]{subsubsection.4.2.2.3}{\376\377\000F\000u\000n\000c\000i\000o\000n\000a\000l\000i\000d\000a\000d\000\040\0003\000:\000\040\000M\000o\000d\000e\000l\000o\000\040\000y\000\040\000P\000e\000r\000s\000i\000s\000t\000e\000n\000c\000i\000a\000\040\000d\000e\000\040\000S\000e\000g\000m\000e\000n\000t\000o\000s\000\040\000\050\000G\000u\000a\000r\000d\000a\000d\000o\000\040\000C\000o\000r\000r\000e\000c\000t\000o\000\040\000d\000e\000\040\000T\000r\000a\000n\000s\000c\000r\000i\000p\000c\000i\000o\000n\000e\000s\000\051}{subsection.4.2.2}% 35
\BOOKMARK [3][-]{subsubsection.4.2.2.4}{\376\377\000F\000u\000n\000c\000i\000o\000n\000a\000l\000i\000d\000a\000d\000\040\0004\000:\000\040\000C\000o\000n\000s\000o\000l\000i\000d\000a\000c\000i\000\363\000n\000\040\000d\000e\000\040\000S\000e\000g\000m\000e\000n\000t\000o\000s\000\040\000p\000o\000r\000\040\000S\000p\000e\000a\000k\000e\000r}{subsection.4.2.2}% 36
\BOOKMARK [3][-]{subsubsection.4.2.2.5}{\376\377\000F\000u\000n\000c\000i\000o\000n\000a\000l\000i\000d\000a\000d\000\040\0005\000:\000\040\000E\000n\000v\000\355\000o\000\040\000d\000e\000\040\000S\000e\000g\000m\000e\000n\000t\000o\000s\000\040\000a\000l\000\040\000C\000l\000i\000e\000n\000t\000e}{subsection.4.2.2}% 37
\BOOKMARK [2][-]{subsection.4.2.3}{\376\377\000S\000p\000r\000i\000n\000t\000\040\0003\000:\000\040\000M\000e\000j\000o\000r\000a\000m\000i\000e\000n\000t\000o\000\040\000e\000n\000\040\000T\000i\000e\000m\000p\000o\000\040\000R\000e\000a\000l\000\040\000y\000\040\000D\000i\000c\000c\000i\000o\000n\000a\000r\000i\000o\000\040\000J\000u\000r\000\355\000d\000i\000c\000o}{section.4.2}% 38
\BOOKMARK [3][-]{subsubsection.4.2.3.1}{\376\377\000F\000u\000n\000c\000i\000o\000n\000a\000l\000i\000d\000a\000d\000\040\0001\000:\000\040\000S\000e\000r\000v\000i\000c\000i\000o\000\040\000d\000e\000\040\000M\000e\000j\000o\000r\000a\000m\000i\000e\000n\000t\000o\000\040\000e\000n\000\040\000T\000i\000e\000m\000p\000o\000\040\000R\000e\000a\000l\000\040\000\050\000C\000l\000a\000u\000d\000e\000\051}{subsection.4.2.3}% 39
\BOOKMARK [3][-]{subsubsection.4.2.3.2}{\376\377\000F\000u\000n\000c\000i\000o\000n\000a\000l\000i\000d\000a\000d\000\040\0002\000:\000\040\000D\000e\000t\000e\000c\000c\000i\000\363\000n\000\040\000d\000e\000\040\000C\000o\000m\000p\000l\000e\000t\000i\000t\000u\000d\000\040\000d\000e\000\040\000F\000r\000a\000s\000e}{subsection.4.2.3}% 40
\BOOKMARK [3][-]{subsubsection.4.2.3.3}{\376\377\000F\000u\000n\000c\000i\000o\000n\000a\000l\000i\000d\000a\000d\000\040\0003\000:\000\040\000D\000i\000c\000c\000i\000o\000n\000a\000r\000i\000o\000\040\000J\000u\000r\000\355\000d\000i\000c\000o\000\040\000c\000o\000n\000\040\000F\000u\000z\000z\000y\000\040\000M\000a\000t\000c\000h\000i\000n\000g}{subsection.4.2.3}% 41
\BOOKMARK [3][-]{subsubsection.4.2.3.4}{\376\377\000F\000u\000n\000c\000i\000o\000n\000a\000l\000i\000d\000a\000d\000\040\0004\000:\000\040\000K\000e\000y\000t\000e\000r\000m\000s\000\040\000p\000a\000r\000a\000\040\000D\000e\000e\000p\000g\000r\000a\000m}{subsection.4.2.3}% 42
\BOOKMARK [3][-]{subsubsection.4.2.3.5}{\376\377\000F\000u\000n\000c\000i\000o\000n\000a\000l\000i\000d\000a\000d\000\040\0005\000:\000\040\000I\000n\000t\000e\000g\000r\000a\000c\000i\000\363\000n\000\040\000M\000e\000j\000o\000r\000a\000m\000i\000e\000n\000t\000o\000\040\000+\000\040\000D\000i\000c\000c\000i\000o\000n\000a\000r\000i\000o\000\040\000e\000n\000\040\000e\000l\000\040\000F\000l\000u\000j\000o}{subsection.4.2.3}% 43
\BOOKMARK [2][-]{subsection.4.2.4}{\376\377\000S\000p\000r\000i\000n\000t\000\040\0004\000:\000\040\000C\000a\000n\000v\000a\000s\000\040\000T\000i\000p\000T\000a\000p\000\040\000y\000\040\000P\000a\000n\000e\000l\000\040\000d\000e\000\040\000H\000a\000b\000l\000a\000n\000t\000e\000s}{section.4.2}% 44
\BOOKMARK [3][-]{subsubsection.4.2.4.1}{\376\377\000F\000u\000n\000c\000i\000o\000n\000a\000l\000i\000d\000a\000d\000\040\0001\000:\000\040\000E\000d\000i\000t\000o\000r\000\040\000T\000i\000p\000T\000a\000p\000\040\000c\000o\000n\000\040\000E\000x\000t\000e\000n\000s\000i\000o\000n\000e\000s}{subsection.4.2.4}% 45
\BOOKMARK [3][-]{subsubsection.4.2.4.2}{\376\377\000F\000u\000n\000c\000i\000o\000n\000a\000l\000i\000d\000a\000d\000\040\0002\000:\000\040\000P\000a\000n\000e\000l\000\040\000d\000e\000\040\000H\000a\000b\000l\000a\000n\000t\000e\000s}{subsection.4.2.4}% 46
\BOOKMARK [3][-]{subsubsection.4.2.4.3}{\376\377\000F\000u\000n\000c\000i\000o\000n\000a\000l\000i\000d\000a\000d\000\040\0003\000:\000\040\000R\000e\000p\000r\000o\000d\000u\000c\000t\000o\000r\000\040\000d\000e\000\040\000A\000u\000d\000i\000o}{subsection.4.2.4}% 47
\BOOKMARK [3][-]{subsubsection.4.2.4.4}{\376\377\000F\000u\000n\000c\000i\000o\000n\000a\000l\000i\000d\000a\000d\000\040\0004\000:\000\040\000M\000a\000r\000c\000a\000d\000o\000r\000e\000s\000\040\000y\000\040\000P\000a\000n\000e\000l\000\040\000d\000e\000\040\000M\000a\000r\000c\000a\000d\000o\000r\000e\000s}{subsection.4.2.4}% 48
\BOOKMARK [3][-]{subsubsection.4.2.4.5}{\376\377\000F\000u\000n\000c\000i\000o\000n\000a\000l\000i\000d\000a\000d\000\040\0005\000:\000\040\000S\000u\000g\000e\000r\000e\000n\000c\000i\000a\000s\000\040\000e\000n\000\040\000e\000l\000\040\000C\000a\000n\000v\000a\000s}{subsection.4.2.4}% 49
\BOOKMARK [2][-]{subsection.4.2.5}{\376\377\000S\000p\000r\000i\000n\000t\000\040\0005\000:\000\040\000E\000s\000t\000a\000b\000i\000l\000i\000z\000a\000c\000i\000\363\000n\000,\000\040\000F\000r\000a\000s\000e\000s\000\040\000E\000s\000t\000\341\000n\000d\000a\000r\000\040\000y\000\040\000P\000u\000e\000s\000t\000a\000\040\000e\000n\000\040\000P\000r\000o\000d\000u\000c\000c\000i\000\363\000n}{section.4.2}% 50
\BOOKMARK [3][-]{subsubsection.4.2.5.1}{\376\377\000F\000u\000n\000c\000i\000o\000n\000a\000l\000i\000d\000a\000d\000\040\0001\000:\000\040\000F\000r\000a\000s\000e\000s\000\040\000E\000s\000t\000\341\000n\000d\000a\000r\000\040\000y\000\040\000A\000t\000a\000j\000o\000s}{subsection.4.2.5}% 51
\BOOKMARK [3][-]{subsubsection.4.2.5.2}{\376\377\000F\000u\000n\000c\000i\000o\000n\000a\000l\000i\000d\000a\000d\000\040\0002\000:\000\040\000P\000r\000e\000d\000i\000c\000c\000i\000\363\000n\000\040\000y\000\040\000A\000n\000\341\000l\000i\000s\000i\000s\000\040\000C\000o\000n\000t\000e\000x\000t\000u\000a\000l}{subsection.4.2.5}% 52
\BOOKMARK [3][-]{subsubsection.4.2.5.3}{\376\377\000F\000u\000n\000c\000i\000o\000n\000a\000l\000i\000d\000a\000d\000\040\0003\000:\000\040\000B\000a\000r\000r\000a\000\040\000d\000e\000\040\000E\000s\000t\000a\000d\000o\000\040\000y\000\040\000P\000e\000r\000s\000i\000s\000t\000e\000n\000c\000i\000a\000\040\000d\000e\000\040\000E\000d\000i\000c\000i\000o\000n\000e\000s}{subsection.4.2.5}% 53
\BOOKMARK [3][-]{subsubsection.4.2.5.4}{\376\377\000F\000u\000n\000c\000i\000o\000n\000a\000l\000i\000d\000a\000d\000\040\0004\000:\000\040\000G\000e\000n\000e\000r\000a\000c\000i\000\363\000n\000\040\000d\000e\000\040\000A\000c\000t\000a\000\040\000\050\000B\000o\000r\000r\000a\000d\000o\000r\000\051}{subsection.4.2.5}% 54
\BOOKMARK [3][-]{subsubsection.4.2.5.5}{\376\377\000F\000u\000n\000c\000i\000o\000n\000a\000l\000i\000d\000a\000d\000\040\0005\000:\000\040\000D\000o\000c\000k\000e\000r\000\040\000C\000o\000m\000p\000o\000s\000e\000\040\000y\000\040\000D\000e\000s\000p\000l\000i\000e\000g\000u\000e}{subsection.4.2.5}% 55
\BOOKMARK [1][-]{section.4.3}{\376\377\000N\000i\000v\000e\000l\000\040\0002\000\040\000\050\000M\000e\000s\000\040\0002\000\051\000:\000\040\000M\000e\000j\000o\000r\000a\000s\000\040\000d\000e\000\040\000P\000r\000e\000c\000i\000s\000i\000\363\000n\000,\000\040\000B\000a\000t\000c\000h\000,\000\040\000A\000c\000t\000a\000\040\000y\000\040\000E\000x\000p\000o\000r\000t\000a\000c\000i\000\363\000n}{chapter.4}% 56
\BOOKMARK [2][-]{subsection.4.3.1}{\376\377\000S\000p\000r\000i\000n\000t\000\040\0006\000:\000\040\000M\000e\000j\000o\000r\000a\000s\000\040\000d\000e\000\040\000P\000r\000e\000c\000i\000s\000i\000\363\000n\000\040\000y\000\040\000R\000e\000g\000l\000a\000s\000\040\000d\000e\000\040\000N\000o\000-\000A\000\361\000a\000d\000i\000r\000\040\000P\000a\000l\000a\000b\000r\000a\000s}{section.4.3}% 57
\BOOKMARK [3][-]{subsubsection.4.3.1.1}{\376\377\000F\000u\000n\000c\000i\000o\000n\000a\000l\000i\000d\000a\000d\000\040\0001\000:\000\040\000R\000e\000g\000l\000a\000\040\000E\000x\000p\000l\000\355\000c\000i\000t\000a\000\040\000e\000n\000\040\000C\000l\000a\000u\000d\000e\000\040\000\050\000N\000o\000\040\000A\000\361\000a\000d\000i\000r\000\040\000P\000a\000l\000a\000b\000r\000a\000s\000\051}{subsection.4.3.1}% 58
\BOOKMARK [3][-]{subsubsection.4.3.1.2}{\376\377\000F\000u\000n\000c\000i\000o\000n\000a\000l\000i\000d\000a\000d\000\040\0002\000:\000\040\000A\000u\000t\000o\000c\000o\000m\000p\000l\000e\000t\000a\000d\000o\000\040\000S\000o\000l\000o\000\040\000c\000o\000m\000o\000\040\000C\000o\000r\000r\000e\000c\000c\000i\000\363\000n\000\040\000\050\000R\000e\000e\000m\000p\000l\000a\000z\000o\000\040\0001\000:\0001\000\051}{subsection.4.3.1}% 59
\BOOKMARK [3][-]{subsubsection.4.3.1.3}{\376\377\000F\000u\000n\000c\000i\000o\000n\000a\000l\000i\000d\000a\000d\000\040\0003\000:\000\040\000U\000m\000b\000r\000a\000l\000e\000s\000\040\000d\000e\000\040\000C\000o\000n\000f\000i\000a\000n\000z\000a\000\040\000y\000\040\000F\000a\000l\000s\000o\000s\000\040\000P\000o\000s\000i\000t\000i\000v\000o\000s}{subsection.4.3.1}% 60
\BOOKMARK [3][-]{subsubsection.4.3.1.4}{\376\377\000F\000u\000n\000c\000i\000o\000n\000a\000l\000i\000d\000a\000d\000\040\0004\000:\000\040\000C\000o\000n\000s\000o\000l\000i\000d\000a\000c\000i\000\363\000n\000\040\000y\000\040\000C\000o\000m\000p\000l\000e\000t\000i\000t\000u\000d\000\040\000d\000e\000\040\000F\000r\000a\000s\000e}{subsection.4.3.1}% 61
\BOOKMARK [3][-]{subsubsection.4.3.1.5}{\376\377\000F\000u\000n\000c\000i\000o\000n\000a\000l\000i\000d\000a\000d\000\040\0005\000:\000\040\000A\000P\000I\000\040\000d\000e\000\040\000S\000u\000g\000e\000r\000e\000n\000c\000i\000a\000\040\000d\000e\000\040\000R\000e\000e\000m\000p\000l\000a\000z\000o\000\040\000\050\000O\000p\000c\000i\000o\000n\000a\000l\000\051}{subsection.4.3.1}% 62
\BOOKMARK [2][-]{subsection.4.3.2}{\376\377\000S\000p\000r\000i\000n\000t\000\040\0007\000:\000\040\000P\000r\000o\000c\000e\000s\000a\000m\000i\000e\000n\000t\000o\000\040\000B\000a\000t\000c\000h\000\040\000d\000e\000\040\000A\000u\000d\000i\000o}{section.4.3}% 63
\BOOKMARK [3][-]{subsubsection.4.3.2.1}{\376\377\000F\000u\000n\000c\000i\000o\000n\000a\000l\000i\000d\000a\000d\000\040\0001\000:\000\040\000T\000a\000r\000e\000a\000\040\000C\000e\000l\000e\000r\000y\000\040\000b\000a\000t\000c\000h\000\137\000p\000r\000o\000c\000e\000s\000s\000\137\000a\000u\000d\000i\000o}{subsection.4.3.2}% 64
\BOOKMARK [3][-]{subsubsection.4.3.2.2}{\376\377\000F\000u\000n\000c\000i\000o\000n\000a\000l\000i\000d\000a\000d\000\040\0002\000:\000\040\000T\000r\000a\000n\000s\000c\000r\000i\000p\000c\000i\000\363\000n\000\040\000c\000o\000n\000\040\000f\000a\000s\000t\000e\000r\000-\000w\000h\000i\000s\000p\000e\000r\000\040\000l\000a\000r\000g\000e\000-\000v\0003}{subsection.4.3.2}% 65
\BOOKMARK [3][-]{subsubsection.4.3.2.3}{\376\377\000F\000u\000n\000c\000i\000o\000n\000a\000l\000i\000d\000a\000d\000\040\0003\000:\000\040\000D\000i\000a\000r\000i\000z\000a\000c\000i\000\363\000n\000\040\000c\000o\000n\000\040\000P\000y\000a\000n\000n\000o\000t\000e\000\040\0003\000.\0001}{subsection.4.3.2}% 66
\BOOKMARK [3][-]{subsubsection.4.3.2.4}{\376\377\000F\000u\000n\000c\000i\000o\000n\000a\000l\000i\000d\000a\000d\000\040\0004\000:\000\040\000A\000l\000i\000n\000e\000a\000c\000i\000\363\000n\000\040\000t\000e\000m\000p\000o\000r\000a\000l\000\040\000t\000r\000a\000n\000s\000c\000r\000i\000p\000c\000i\000\363\000n\040\023\000d\000i\000a\000r\000i\000z\000a\000c\000i\000\363\000n}{subsection.4.3.2}% 67
\BOOKMARK [3][-]{subsubsection.4.3.2.5}{\376\377\000F\000u\000n\000c\000i\000o\000n\000a\000l\000i\000d\000a\000d\000\040\0005\000:\000\040\000P\000r\000o\000p\000u\000e\000s\000t\000a\000s\000\040\000d\000e\000\040\000m\000e\000j\000o\000r\000a\000\040\000s\000i\000n\000\040\000t\000o\000c\000a\000r\000\040\000e\000d\000i\000t\000a\000d\000o\000\137\000p\000o\000r\000\137\000u\000s\000u\000a\000r\000i\000o}{subsection.4.3.2}% 68
\BOOKMARK [2][-]{subsection.4.3.3}{\376\377\000S\000p\000r\000i\000n\000t\000\040\0008\000:\000\040\000R\000e\000v\000i\000s\000i\000\363\000n\000\040\000d\000e\000\040\000P\000r\000o\000p\000u\000e\000s\000t\000a\000s\000\040\000y\000\040\000M\000e\000r\000g\000e}{section.4.3}% 69
\BOOKMARK [3][-]{subsubsection.4.3.3.1}{\376\377\000F\000u\000n\000c\000i\000o\000n\000a\000l\000i\000d\000a\000d\000\040\0001\000:\000\040\000V\000i\000s\000t\000a\000\040\000d\000e\000\040\000c\000o\000m\000p\000a\000r\000a\000c\000i\000\363\000n\000\040\000b\000a\000t\000c\000h\000\040\000v\000s\000\040\000s\000t\000r\000e\000a\000m\000i\000n\000g}{subsection.4.3.3}% 70
\BOOKMARK [3][-]{subsubsection.4.3.3.2}{\376\377\000F\000u\000n\000c\000i\000o\000n\000a\000l\000i\000d\000a\000d\000\040\0002\000:\000\040\000A\000c\000e\000p\000t\000a\000r\000\040\000o\000\040\000r\000e\000c\000h\000a\000z\000a\000r\000\040\000p\000o\000r\000\040\000s\000e\000g\000m\000e\000n\000t\000o}{subsection.4.3.3}% 71
\BOOKMARK [3][-]{subsubsection.4.3.3.3}{\376\377\000F\000u\000n\000c\000i\000o\000n\000a\000l\000i\000d\000a\000d\000\040\0003\000:\000\040\000A\000P\000I\000\040\000b\000a\000t\000c\000h\000-\000u\000p\000d\000a\000t\000e}{subsection.4.3.3}% 72
\BOOKMARK [3][-]{subsubsection.4.3.3.4}{\376\377\000F\000u\000n\000c\000i\000o\000n\000a\000l\000i\000d\000a\000d\000\040\0004\000:\000\040\000A\000c\000t\000u\000a\000l\000i\000z\000a\000c\000i\000\363\000n\000\040\000d\000e\000l\000\040\000C\000a\000n\000v\000a\000s}{subsection.4.3.3}% 73
\BOOKMARK [3][-]{subsubsection.4.3.3.5}{\376\377\000F\000u\000n\000c\000i\000o\000n\000a\000l\000i\000d\000a\000d\000\040\0005\000:\000\040\000H\000i\000s\000t\000o\000r\000i\000a\000l\000\040\000d\000e\000\040\000c\000a\000m\000b\000i\000o\000s\000\040\000b\000a\000t\000c\000h}{subsection.4.3.3}% 74
\BOOKMARK [2][-]{subsection.4.3.4}{\376\377\000S\000p\000r\000i\000n\000t\000\040\0009\000:\000\040\000E\000d\000i\000t\000o\000r\000\040\000d\000e\000\040\000A\000c\000t\000a\000\040\000y\000\040\000A\000p\000r\000o\000b\000a\000c\000i\000\363\000n}{section.4.3}% 75
\BOOKMARK [3][-]{subsubsection.4.3.4.1}{\376\377\000F\000u\000n\000c\000i\000o\000n\000a\000l\000i\000d\000a\000d\000\040\0001\000:\000\040\000A\000c\000t\000a\000E\000d\000i\000t\000o\000r\000\040\000T\000i\000p\000T\000a\000p}{subsection.4.3.4}% 76
\BOOKMARK [3][-]{subsubsection.4.3.4.2}{\376\377\000F\000u\000n\000c\000i\000o\000n\000a\000l\000i\000d\000a\000d\000\040\0002\000:\000\040\000G\000u\000a\000r\000d\000a\000d\000o\000\040\000d\000e\000\040\000c\000o\000n\000t\000e\000n\000i\000d\000o\000\137\000f\000i\000n\000a\000l}{subsection.4.3.4}% 77
\BOOKMARK [3][-]{subsubsection.4.3.4.3}{\376\377\000F\000u\000n\000c\000i\000o\000n\000a\000l\000i\000d\000a\000d\000\040\0003\000:\000\040\000V\000e\000r\000s\000i\000o\000n\000a\000d\000o\000\040\000d\000e\000\040\000a\000c\000t\000a\000s}{subsection.4.3.4}% 78
\BOOKMARK [3][-]{subsubsection.4.3.4.4}{\376\377\000F\000u\000n\000c\000i\000o\000n\000a\000l\000i\000d\000a\000d\000\040\0004\000:\000\040\000F\000l\000u\000j\000o\000\040\000a\000p\000r\000o\000b\000a\000r\000\040\000a\000c\000t\000a\000\040\000\050\000s\000u\000p\000e\000r\000v\000i\000s\000o\000r\000\051}{subsection.4.3.4}% 79
\BOOKMARK [3][-]{subsubsection.4.3.4.5}{\376\377\000F\000u\000n\000c\000i\000o\000n\000a\000l\000i\000d\000a\000d\000\040\0005\000:\000\040\000E\000s\000t\000a\000d\000o\000s\000\040\000b\000o\000r\000r\000a\000d\000o\000r\000,\000\040\000e\000n\000\137\000r\000e\000v\000i\000s\000i\000o\000n\000,\000\040\000a\000p\000r\000o\000b\000a\000d\000a\000,\000\040\000e\000x\000p\000o\000r\000t\000a\000d\000a}{subsection.4.3.4}% 80
\BOOKMARK [2][-]{subsection.4.3.5}{\376\377\000S\000p\000r\000i\000n\000t\000\040\0001\0000\000:\000\040\000E\000x\000p\000o\000r\000t\000a\000c\000i\000\363\000n\000\040\000D\000O\000C\000X\000/\000P\000D\000F\000\040\000y\000\040\000E\000s\000t\000a\000b\000i\000l\000i\000z\000a\000c\000i\000\363\000n\000\040\000N\000i\000v\000e\000l\000\040\0002}{section.4.3}% 81
\BOOKMARK [3][-]{subsubsection.4.3.5.1}{\376\377\000F\000u\000n\000c\000i\000o\000n\000a\000l\000i\000d\000a\000d\000\040\0001\000:\000\040\000P\000l\000a\000n\000t\000i\000l\000l\000a\000\040\000d\000e\000\040\000a\000c\000t\000a\000\040\000\050\000p\000y\000t\000h\000o\000n\000-\000d\000o\000c\000x\000\051}{subsection.4.3.5}% 82
\BOOKMARK [3][-]{subsubsection.4.3.5.2}{\376\377\000F\000u\000n\000c\000i\000o\000n\000a\000l\000i\000d\000a\000d\000\040\0002\000:\000\040\000E\000x\000p\000o\000r\000t\000a\000r\000\040\000D\000O\000C\000X\000\040\000c\000o\000n\000\040\000f\000o\000r\000m\000a\000t\000o\000\040\000o\000f\000i\000c\000i\000a\000l}{subsection.4.3.5}% 83
\BOOKMARK [3][-]{subsubsection.4.3.5.3}{\376\377\000F\000u\000n\000c\000i\000o\000n\000a\000l\000i\000d\000a\000d\000\040\0003\000:\000\040\000E\000x\000p\000o\000r\000t\000a\000r\000\040\000P\000D\000F}{subsection.4.3.5}% 84
\BOOKMARK [3][-]{subsubsection.4.3.5.4}{\376\377\000F\000u\000n\000c\000i\000o\000n\000a\000l\000i\000d\000a\000d\000\040\0004\000:\000\040\000D\000e\000s\000c\000a\000r\000g\000a\000\040\000p\000o\000r\000\040\000a\000u\000d\000i\000e\000n\000c\000i\000a}{subsection.4.3.5}% 85
\BOOKMARK [3][-]{subsubsection.4.3.5.5}{\376\377\000F\000u\000n\000c\000i\000o\000n\000a\000l\000i\000d\000a\000d\000\040\0005\000:\000\040\000E\000s\000t\000a\000b\000i\000l\000i\000z\000a\000c\000i\000\363\000n\000\040\000y\000\040\000c\000i\000e\000r\000r\000e\000\040\000d\000e\000\040\000N\000i\000v\000e\000l\000\040\0002}{subsection.4.3.5}% 86
\BOOKMARK [1][-]{section.4.4}{\376\377\000N\000i\000v\000e\000l\000\040\0003\000\040\000\050\000M\000e\000s\000\040\0003\000\051\000:\000\040\000C\000i\000e\000r\000r\000e\000\040\000y\000\040\000S\000o\000p\000o\000r\000t\000e}{chapter.4}% 87
\BOOKMARK [2][-]{subsection.4.4.1}{\376\377\000S\000p\000r\000i\000n\000t\000\040\0001\0001\000:\000\040\000M\000e\000j\000o\000r\000a\000s\000\040\000d\000e\000\040\000U\000I\000/\000U\000X\000\040\000y\000\040\000R\000e\000n\000d\000i\000m\000i\000e\000n\000t\000o}{section.4.4}% 88
\BOOKMARK [2][-]{subsection.4.4.2}{\376\377\000S\000p\000r\000i\000n\000t\000\040\0001\0002\000:\000\040\000C\000o\000r\000p\000u\000s\000\040\000y\000\040\000A\000p\000r\000e\000n\000d\000i\000z\000a\000j\000e\000\040\000d\000e\000l\000\040\000S\000i\000s\000t\000e\000m\000a}{section.4.4}% 89
\BOOKMARK [2][-]{subsection.4.4.3}{\376\377\000S\000p\000r\000i\000n\000t\000s\000\040\0001\0003\040\023\0001\0005\000:\000\040\000C\000i\000e\000r\000r\000e\000\040\000d\000e\000l\000\040\000P\000r\000o\000y\000e\000c\000t\000o}{section.4.4}% 90
\BOOKMARK [0][-]{chapter.5}{\376\377\000E\000s\000p\000e\000c\000i\000f\000i\000c\000a\000c\000i\000\363\000n\000\040\000F\000u\000n\000c\000i\000o\000n\000a\000l\000\040\000D\000e\000t\000a\000l\000l\000a\000d\000a}{}% 91
\BOOKMARK [1][-]{section.5.1}{\376\377\000M\000\363\000d\000u\000l\000o\000:\000\040\000T\000r\000a\000n\000s\000c\000r\000i\000p\000c\000i\000\363\000n\000\040\000e\000n\000\040\000T\000i\000e\000m\000p\000o\000\040\000R\000e\000a\000l}{chapter.5}% 92
\BOOKMARK [2][-]{subsection.5.1.1}{\376\377\000F\000l\000u\000j\000o\000\040\000G\000e\000n\000e\000r\000a\000l}{section.5.1}% 93
\BOOKMARK [2][-]{subsection.5.1.2}{\376\377\000R\000e\000g\000l\000a\000\040\000d\000e\000\040\000N\000o\000-\000S\000o\000b\000r\000e\000e\000s\000c\000r\000i\000t\000u\000r\000a}{section.5.1}% 94
\BOOKMARK [2][-]{subsection.5.1.3}{\376\377\000D\000a\000t\000o\000s\000\040\000d\000e\000l\000\040\000S\000e\000g\000m\000e\000n\000t\000o}{section.5.1}% 95
\BOOKMARK [1][-]{section.5.2}{\376\377\000M\000\363\000d\000u\000l\000o\000:\000\040\000C\000a\000n\000v\000a\000s\000\040\000y\000\040\000E\000d\000i\000c\000i\000\363\000n}{chapter.5}% 96
\BOOKMARK [1][-]{section.5.3}{\376\377\000M\000\363\000d\000u\000l\000o\000:\000\040\000G\000e\000n\000e\000r\000a\000c\000i\000\363\000n\000\040\000d\000e\000\040\000A\000c\000t\000a}{chapter.5}% 97
\BOOKMARK [1][-]{section.5.4}{\376\377\000M\000\363\000d\000u\000l\000o\000:\000\040\000H\000a\000b\000l\000a\000n\000t\000e\000s\000\040\000y\000\040\000M\000a\000r\000c\000a\000d\000o\000r\000e\000s}{chapter.5}% 98
\BOOKMARK [0][-]{chapter.6}{\376\377\000M\000o\000d\000e\000l\000o\000\040\000d\000e\000\040\000P\000r\000i\000c\000i\000n\000g\000\040\000y\000\040\000C\000o\000s\000t\000o\000s}{}% 99
\BOOKMARK [1][-]{section.6.1}{\376\377\000F\000i\000l\000o\000s\000o\000f\000\355\000a\000\040\000d\000e\000\040\000P\000r\000i\000c\000i\000n\000g}{chapter.6}% 100
\BOOKMARK [1][-]{section.6.2}{\376\377\000E\000s\000t\000r\000u\000c\000t\000u\000r\000a\000\040\000d\000e\000\040\000I\000n\000v\000e\000r\000s\000i\000\363\000n\000\040\000p\000o\000r\000\040\000N\000i\000v\000e\000l}{chapter.6}% 101
\BOOKMARK [2][-]{subsection.6.2.1}{\376\377\000Q\000u\000\351\000\040\000i\000n\000c\000l\000u\000y\000e\000\040\000c\000a\000d\000a\000\040\000n\000i\000v\000e\000l}{section.6.2}% 102
\BOOKMARK [1][-]{section.6.3}{\376\377\000C\000o\000s\000t\000o\000s\000\040\000d\000e\000\040\000I\000n\000f\000r\000a\000e\000s\000t\000r\000u\000c\000t\000u\000r\000a\000\040\000\050\000R\000e\000s\000p\000o\000n\000s\000a\000b\000i\000l\000i\000d\000a\000d\000\040\000d\000e\000l\000\040\000C\000l\000i\000e\000n\000t\000e\000\051}{chapter.6}% 103
\BOOKMARK [1][-]{section.6.4}{\376\377\000O\000p\000c\000i\000o\000n\000e\000s\000\040\000d\000e\000\040\000M\000a\000n\000t\000e\000n\000i\000m\000i\000e\000n\000t\000o\000\040\000P\000o\000s\000t\000-\000D\000e\000s\000a\000r\000r\000o\000l\000l\000o}{chapter.6}% 104
\BOOKMARK [1][-]{section.6.5}{\376\377\000G\000a\000r\000a\000n\000t\000\355\000a\000s}{chapter.6}% 105
\BOOKMARK [0][-]{chapter.7}{\376\377\000R\000e\000q\000u\000e\000r\000i\000m\000i\000e\000n\000t\000o\000s\000\040\000N\000o\000\040\000F\000u\000n\000c\000i\000o\000n\000a\000l\000e\000s}{}% 106
\BOOKMARK [1][-]{section.7.1}{\376\377\000R\000e\000n\000d\000i\000m\000i\000e\000n\000t\000o\000\040\000y\000\040\000T\000i\000e\000m\000p\000o\000\040\000d\000e\000\040\000R\000e\000s\000p\000u\000e\000s\000t\000a}{chapter.7}% 107
\BOOKMARK [1][-]{section.7.2}{\376\377\000D\000i\000s\000p\000o\000n\000i\000b\000i\000l\000i\000d\000a\000d\000\040\000y\000\040\000C\000o\000n\000f\000i\000a\000b\000i\000l\000i\000d\000a\000d}{chapter.7}% 108
\BOOKMARK [1][-]{section.7.3}{\376\377\000S\000e\000g\000u\000r\000i\000d\000a\000d}{chapter.7}% 109
\BOOKMARK [1][-]{section.7.4}{\376\377\000U\000s\000a\000b\000i\000l\000i\000d\000a\000d}{chapter.7}% 110
\BOOKMARK [1][-]{section.7.5}{\376\377\000E\000s\000c\000a\000l\000a\000b\000i\000l\000i\000d\000a\000d}{chapter.7}% 111
\BOOKMARK [1][-]{section.7.6}{\376\377\000C\000o\000m\000p\000a\000t\000i\000b\000i\000l\000i\000d\000a\000d}{chapter.7}% 112
\BOOKMARK [1][-]{section.7.7}{\376\377\000M\000a\000n\000t\000e\000n\000i\000b\000i\000l\000i\000d\000a\000d}{chapter.7}% 113
\BOOKMARK [0][-]{chapter.8}{\376\377\000H\000i\000s\000t\000o\000r\000i\000a\000s\000\040\000d\000e\000\040\000U\000s\000u\000a\000r\000i\000o\000\040\000y\000\040\000C\000r\000i\000t\000e\000r\000i\000o\000s\000\040\000d\000e\000\040\000A\000c\000e\000p\000t\000a\000c\000i\000\363\000n}{}% 114
\BOOKMARK [1][-]{section.8.1}{\376\377\000F\000o\000r\000m\000a\000t\000o\000\040\000d\000e\000\040\000H\000i\000s\000t\000o\000r\000i\000a\000s\000\040\000d\000e\000\040\000U\000s\000u\000a\000r\000i\000o}{chapter.8}% 115
\BOOKMARK [1][-]{section.8.2}{\376\377\000H\000i\000s\000t\000o\000r\000i\000a\000s\000\040\000d\000e\000\040\000U\000s\000u\000a\000r\000i\000o\000\040\040\023\000\040\000D\000i\000g\000i\000t\000a\000d\000o\000r\000\040\000\050\000T\000r\000a\000n\000s\000c\000r\000i\000p\000t\000o\000r\000\051}{chapter.8}% 116
\BOOKMARK [2][-]{subsection.8.2.1}{\376\377\000H\000U\000-\000D\000I\000G\000-\0000\0000\0001\000:\000\040\000T\000r\000a\000n\000s\000c\000r\000i\000b\000i\000r\000\040\000a\000u\000d\000i\000e\000n\000c\000i\000a\000\040\000e\000n\000\040\000t\000i\000e\000m\000p\000o\000\040\000r\000e\000a\000l}{section.8.2}% 117
\BOOKMARK [2][-]{subsection.8.2.2}{\376\377\000H\000U\000-\000D\000I\000G\000-\0000\0000\0002\000:\000\040\000C\000o\000r\000r\000e\000g\000i\000r\000\040\000p\000a\000l\000a\000b\000r\000a\000s\000\040\000c\000o\000n\000\040\000s\000u\000g\000e\000r\000e\000n\000c\000i\000a\000s\000\040\000d\000e\000l\000\040\000d\000i\000c\000c\000i\000o\000n\000a\000r\000i\000o}{section.8.2}% 118
\BOOKMARK [2][-]{subsection.8.2.3}{\376\377\000H\000U\000-\000D\000I\000G\000-\0000\0000\0003\000:\000\040\000E\000d\000i\000t\000a\000r\000\040\000s\000e\000g\000m\000e\000n\000t\000o\000s\000\040\000s\000i\000n\000\040\000q\000u\000e\000\040\000l\000a\000\040\000I\000A\000\040\000l\000o\000s\000\040\000s\000o\000b\000r\000e\000s\000c\000r\000i\000b\000a}{section.8.2}% 119
\BOOKMARK [2][-]{subsection.8.2.4}{\376\377\000H\000U\000-\000D\000I\000G\000-\0000\0000\0004\000:\000\040\000G\000e\000n\000e\000r\000a\000r\000\040\000a\000c\000t\000a\000\040\000d\000e\000s\000d\000e\000\040\000e\000l\000\040\000C\000a\000n\000v\000a\000s}{section.8.2}% 120
\BOOKMARK [2][-]{subsection.8.2.5}{\376\377\000H\000U\000-\000D\000I\000G\000-\0000\0000\0005\000:\000\040\000E\000x\000p\000o\000r\000t\000a\000r\000\040\000a\000c\000t\000a\000\040\000a\000\040\000W\000o\000r\000d\000\040\000y\000\040\000P\000D\000F}{section.8.2}% 121
\BOOKMARK [1][-]{section.8.3}{\376\377\000H\000i\000s\000t\000o\000r\000i\000a\000s\000\040\000d\000e\000\040\000U\000s\000u\000a\000r\000i\000o\000\040\040\023\000\040\000S\000u\000p\000e\000r\000v\000i\000s\000o\000r}{chapter.8}% 122
\BOOKMARK [2][-]{subsection.8.3.1}{\376\377\000H\000U\000-\000S\000U\000P\000-\0000\0000\0001\000:\000\040\000A\000p\000r\000o\000b\000a\000r\000\040\000a\000c\000t\000a\000\040\000p\000a\000r\000a\000\040\000e\000x\000p\000o\000r\000t\000a\000c\000i\000\363\000n}{section.8.3}% 123
\BOOKMARK [1][-]{section.8.4}{\376\377\000P\000r\000i\000o\000r\000i\000z\000a\000c\000i\000\363\000n\000\040\000M\000o\000S\000C\000o\000W}{chapter.8}% 124
\BOOKMARK [0][-]{chapter.9}{\376\377\000U\000I\000/\000U\000X\000\040\000y\000\040\000S\000i\000s\000t\000e\000m\000a\000\040\000d\000e\000\040\000D\000i\000s\000e\000\361\000o}{}% 125
\BOOKMARK [1][-]{section.9.1}{\376\377\000P\000r\000i\000n\000c\000i\000p\000i\000o\000s\000\040\000d\000e\000\040\000D\000i\000s\000e\000\361\000o}{chapter.9}% 126
\BOOKMARK [1][-]{section.9.2}{\376\377\000S\000i\000s\000t\000e\000m\000a\000\040\000d\000e\000\040\000D\000i\000s\000e\000\361\000o}{chapter.9}% 127
\BOOKMARK [2][-]{subsection.9.2.1}{\376\377\000P\000a\000l\000e\000t\000a\000\040\000d\000e\000\040\000C\000o\000l\000o\000r\000e\000s}{section.9.2}% 128
\BOOKMARK [2][-]{subsection.9.2.2}{\376\377\000T\000i\000p\000o\000g\000r\000a\000f\000\355\000a}{section.9.2}% 129
\BOOKMARK [1][-]{section.9.3}{\376\377\000F\000l\000u\000j\000o\000s\000\040\000d\000e\000\040\000U\000s\000u\000a\000r\000i\000o\000\040\000P\000r\000i\000n\000c\000i\000p\000a\000l\000e\000s}{chapter.9}% 130
\BOOKMARK [1][-]{section.9.4}{\376\377\000L\000a\000y\000o\000u\000t\000\040\000d\000e\000\040\000P\000a\000n\000t\000a\000l\000l\000a}{chapter.9}% 131
\BOOKMARK [1][-]{section.9.5}{\376\377\000I\000n\000d\000i\000c\000a\000d\000o\000r\000e\000s\000\040\000V\000i\000s\000u\000a\000l\000e\000s\000\040\000e\000n\000\040\000e\000l\000\040\000C\000a\000n\000v\000a\000s}{chapter.9}% 132
\BOOKMARK [1][-]{section.9.6}{\376\377\000A\000c\000c\000e\000s\000i\000b\000i\000l\000i\000d\000a\000d}{chapter.9}% 133
\BOOKMARK [0][-]{chapter.10}{\376\377\000C\000a\000s\000o\000s\000\040\000d\000e\000\040\000U\000s\000o\000\040\000D\000e\000t\000a\000l\000l\000a\000d\000o\000s}{}% 134
\BOOKMARK [1][-]{section.10.1}{\376\377\000F\000o\000r\000m\000a\000t\000o\000\040\000d\000e\000\040\000C\000a\000s\000o\000s\000\040\000d\000e\000\040\000U\000s\000o}{chapter.10}% 135
\BOOKMARK [1][-]{section.10.2}{\376\377\000C\000U\000-\0000\0000\0001\000:\000\040\000T\000r\000a\000n\000s\000c\000r\000i\000b\000i\000r\000\040\000A\000u\000d\000i\000e\000n\000c\000i\000a\000\040\000e\000n\000\040\000T\000i\000e\000m\000p\000o\000\040\000R\000e\000a\000l}{chapter.10}% 136
\BOOKMARK [2][-]{subsection.10.2.1}{\376\377\000I\000n\000f\000o\000r\000m\000a\000c\000i\000\363\000n\000\040\000G\000e\000n\000e\000r\000a\000l}{section.10.2}% 137
\BOOKMARK [2][-]{subsection.10.2.2}{\376\377\000P\000r\000e\000c\000o\000n\000d\000i\000c\000i\000o\000n\000e\000s}{section.10.2}% 138
\BOOKMARK [2][-]{subsection.10.2.3}{\376\377\000P\000o\000s\000t\000c\000o\000n\000d\000i\000c\000i\000o\000n\000e\000s\000\040\000\050\000\311\000x\000i\000t\000o\000\051}{section.10.2}% 139
\BOOKMARK [2][-]{subsection.10.2.4}{\376\377\000F\000l\000u\000j\000o\000\040\000P\000r\000i\000n\000c\000i\000p\000a\000l}{section.10.2}% 140
\BOOKMARK [1][-]{section.10.3}{\376\377\000C\000U\000-\0000\0000\0002\000:\000\040\000C\000o\000r\000r\000e\000g\000i\000r\000\040\000S\000e\000g\000m\000e\000n\000t\000o\000\040\000c\000o\000n\000\040\000S\000u\000g\000e\000r\000e\000n\000c\000i\000a\000\040\000d\000e\000l\000\040\000D\000i\000c\000c\000i\000o\000n\000a\000r\000i\000o}{chapter.10}% 141
\BOOKMARK [2][-]{subsection.10.3.1}{\376\377\000I\000n\000f\000o\000r\000m\000a\000c\000i\000\363\000n\000\040\000G\000e\000n\000e\000r\000a\000l}{section.10.3}% 142
\BOOKMARK [2][-]{subsection.10.3.2}{\376\377\000P\000r\000e\000c\000o\000n\000d\000i\000c\000i\000o\000n\000e\000s}{section.10.3}% 143
\BOOKMARK [2][-]{subsection.10.3.3}{\376\377\000F\000l\000u\000j\000o\000\040\000P\000r\000i\000n\000c\000i\000p\000a\000l}{section.10.3}% 144
\BOOKMARK [1][-]{section.10.4}{\376\377\000C\000U\000-\0000\0000\0003\000:\000\040\000G\000e\000n\000e\000r\000a\000r\000\040\000A\000c\000t\000a\000\040\000d\000e\000s\000d\000e\000\040\000e\000l\000\040\000C\000a\000n\000v\000a\000s}{chapter.10}% 145
\BOOKMARK [2][-]{subsection.10.4.1}{\376\377\000I\000n\000f\000o\000r\000m\000a\000c\000i\000\363\000n\000\040\000G\000e\000n\000e\000r\000a\000l}{section.10.4}% 146
\BOOKMARK [2][-]{subsection.10.4.2}{\376\377\000P\000r\000e\000c\000o\000n\000d\000i\000c\000i\000o\000n\000e\000s}{section.10.4}% 147
\BOOKMARK [2][-]{subsection.10.4.3}{\376\377\000F\000l\000u\000j\000o\000\040\000P\000r\000i\000n\000c\000i\000p\000a\000l}{section.10.4}% 148
\BOOKMARK [1][-]{section.10.5}{\376\377\000C\000U\000-\0000\0000\0004\000:\000\040\000A\000p\000r\000o\000b\000a\000r\000\040\000A\000c\000t\000a\000\040\000y\000\040\000E\000x\000p\000o\000r\000t\000a\000r\000\040\000D\000O\000C\000X\000/\000P\000D\000F}{chapter.10}% 149
\BOOKMARK [2][-]{subsection.10.5.1}{\376\377\000I\000n\000f\000o\000r\000m\000a\000c\000i\000\363\000n\000\040\000G\000e\000n\000e\000r\000a\000l}{section.10.5}% 150
\BOOKMARK [2][-]{subsection.10.5.2}{\376\377\000P\000r\000e\000c\000o\000n\000d\000i\000c\000i\000o\000n\000e\000s}{section.10.5}% 151
\BOOKMARK [2][-]{subsection.10.5.3}{\376\377\000F\000l\000u\000j\000o\000\040\000P\000r\000i\000n\000c\000i\000p\000a\000l}{section.10.5}% 152
\BOOKMARK [0][-]{chapter.11}{\376\377\000P\000l\000a\000n\000\040\000d\000e\000\040\000P\000r\000u\000e\000b\000a\000s}{}% 153
\BOOKMARK [1][-]{section.11.1}{\376\377\000E\000s\000t\000r\000a\000t\000e\000g\000i\000a\000\040\000d\000e\000\040\000P\000r\000u\000e\000b\000a\000s}{chapter.11}% 154
\BOOKMARK [1][-]{section.11.2}{\376\377\000P\000r\000u\000e\000b\000a\000s\000\040\000U\000n\000i\000t\000a\000r\000i\000a\000s\000\040\000C\000l\000a\000v\000e}{chapter.11}% 155
\BOOKMARK [1][-]{section.11.3}{\376\377\000P\000r\000u\000e\000b\000a\000s\000\040\000E\000n\000d\000-\000t\000o\000-\000E\000n\000d\000\040\000\050\000E\0002\000E\000\051}{chapter.11}% 156
\BOOKMARK [1][-]{section.11.4}{\376\377\000P\000r\000u\000e\000b\000a\000s\000\040\000d\000e\000\040\000R\000e\000n\000d\000i\000m\000i\000e\000n\000t\000o}{chapter.11}% 157
\BOOKMARK [1][-]{section.11.5}{\376\377\000P\000r\000u\000e\000b\000a\000s\000\040\000d\000e\000\040\000U\000s\000a\000b\000i\000l\000i\000d\000a\000d\000\040\000c\000o\000n\000\040\000U\000s\000u\000a\000r\000i\000o\000s\000\040\000R\000e\000a\000l\000e\000s}{chapter.11}% 158
\BOOKMARK [1][-]{section.11.6}{\376\377\000C\000r\000i\000t\000e\000r\000i\000o\000s\000\040\000d\000e\000\040\000A\000c\000e\000p\000t\000a\000c\000i\000\363\000n\000\040\000p\000o\000r\000\040\000S\000p\000r\000i\000n\000t}{chapter.11}% 159
\BOOKMARK [0][-]{chapter.12}{\376\377\000P\000l\000a\000n\000\040\000d\000e\000\040\000C\000a\000p\000a\000c\000i\000t\000a\000c\000i\000\363\000n}{}% 160
\BOOKMARK [1][-]{section.12.1}{\376\377\000E\000s\000t\000r\000a\000t\000e\000g\000i\000a\000\040\000d\000e\000\040\000C\000a\000p\000a\000c\000i\000t\000a\000c\000i\000\363\000n}{chapter.12}% 161
\BOOKMARK [1][-]{section.12.2}{\376\377\000P\000l\000a\000n\000\040\000d\000e\000\040\000C\000a\000p\000a\000c\000i\000t\000a\000c\000i\000\363\000n\000\040\000p\000o\000r\000\040\000R\000o\000l}{chapter.12}% 162
\BOOKMARK [2][-]{subsection.12.2.1}{\376\377\000C\000a\000p\000a\000c\000i\000t\000a\000c\000i\000\363\000n\000\040\000p\000a\000r\000a\000\040\000e\000l\000\040\000D\000i\000g\000i\000t\000a\000d\000o\000r\000\040\000\050\000T\000r\000a\000n\000s\000c\000r\000i\000p\000t\000o\000r\000\051}{section.12.2}% 163
\BOOKMARK [2][-]{subsection.12.2.2}{\376\377\000C\000a\000p\000a\000c\000i\000t\000a\000c\000i\000\363\000n\000\040\000p\000a\000r\000a\000\040\000e\000l\000\040\000S\000u\000p\000e\000r\000v\000i\000s\000o\000r}{section.12.2}% 164
\BOOKMARK [2][-]{subsection.12.2.3}{\376\377\000C\000a\000p\000a\000c\000i\000t\000a\000c\000i\000\363\000n\000\040\000p\000a\000r\000a\000\040\000e\000l\000\040\000A\000d\000m\000i\000n\000i\000s\000t\000r\000a\000d\000o\000r}{section.12.2}% 165
\BOOKMARK [1][-]{section.12.3}{\376\377\000E\000v\000a\000l\000u\000a\000c\000i\000\363\000n\000\040\000P\000o\000s\000t\000-\000C\000a\000p\000a\000c\000i\000t\000a\000c\000i\000\363\000n}{chapter.12}% 166
\BOOKMARK [1][-]{section.12.4}{\376\377\000S\000o\000p\000o\000r\000t\000e\000\040\000P\000o\000s\000t\000-\000C\000a\000p\000a\000c\000i\000t\000a\000c\000i\000\363\000n}{chapter.12}% 167
\BOOKMARK [0][-]{chapter.13}{\376\377\000S\000o\000p\000o\000r\000t\000e\000\040\000y\000\040\000M\000a\000n\000t\000e\000n\000i\000m\000i\000e\000n\000t\000o}{}% 168
\BOOKMARK [1][-]{section.13.1}{\376\377\000P\000e\000r\000\355\000o\000d\000o\000\040\000d\000e\000\040\000G\000a\000r\000a\000n\000t\000\355\000a}{chapter.13}% 169
\BOOKMARK [1][-]{section.13.2}{\376\377\000N\000i\000v\000e\000l\000e\000s\000\040\000d\000e\000\040\000S\000o\000p\000o\000r\000t\000e\000\040\000y\000\040\000S\000L\000A}{chapter.13}% 170
\BOOKMARK [1][-]{section.13.3}{\376\377\000C\000a\000n\000a\000l\000e\000s\000\040\000d\000e\000\040\000S\000o\000p\000o\000r\000t\000e}{chapter.13}% 171
\BOOKMARK [1][-]{section.13.4}{\376\377\000M\000a\000n\000t\000e\000n\000i\000m\000i\000e\000n\000t\000o\000\040\000P\000r\000e\000v\000e\000n\000t\000i\000v\000o}{chapter.13}% 172
\BOOKMARK [1][-]{section.13.5}{\376\377\000D\000o\000c\000u\000m\000e\000n\000t\000a\000c\000i\000\363\000n\000\040\000E\000n\000t\000r\000e\000g\000a\000d\000a\000\040\000a\000l\000\040\000F\000i\000n\000a\000l\000i\000z\000a\000r\000\040\000e\000l\000\040\000P\000r\000o\000y\000e\000c\000t\000o}{chapter.13}% 173
\BOOKMARK [0][-]{chapter.14}{\376\377\000C\000o\000n\000c\000l\000u\000s\000i\000o\000n\000e\000s\000\040\000y\000\040\000P\000r\000\363\000x\000i\000m\000o\000s\000\040\000P\000a\000s\000o\000s}{}% 174
\BOOKMARK [1][-]{section.14.1}{\376\377\000H\000a\000l\000l\000a\000z\000g\000o\000s\000\040\000P\000r\000i\000n\000c\000i\000p\000a\000l\000e\000s}{chapter.14}% 175
\BOOKMARK [1][-]{section.14.2}{\376\377\000R\000e\000c\000o\000m\000e\000n\000d\000a\000c\000i\000o\000n\000e\000s}{chapter.14}% 176
\BOOKMARK [1][-]{section.14.3}{\376\377\000P\000r\000\363\000x\000i\000m\000o\000s\000\040\000P\000a\000s\000o\000s}{chapter.14}% 177
\BOOKMARK [0][-]{chapter.15}{\376\377\000A\000n\000e\000x\000o\000s}{}% 178
\BOOKMARK [1][-]{section.15.1}{\376\377\000A\000n\000e\000x\000o\000\040\000A\000:\000\040\000G\000l\000o\000s\000a\000r\000i\000o\000\040\000d\000e\000\040\000T\000\351\000r\000m\000i\000n\000o\000s}{chapter.15}% 179
\BOOKMARK [1][-]{section.15.2}{\376\377\000A\000n\000e\000x\000o\000\040\000B\000:\000\040\000R\000e\000f\000e\000r\000e\000n\000c\000i\000a\000s}{chapter.15}% 180
\BOOKMARK [1][-]{section.15.3}{\376\377\000A\000n\000e\000x\000o\000\040\000C\000:\000\040\000R\000e\000f\000e\000r\000e\000n\000c\000i\000a\000s\000\040\000N\000o\000r\000m\000a\000t\000i\000v\000a\000s}{chapter.15}% 181
\BOOKMARK [1][-]{section.15.4}{\376\377\000A\000n\000e\000x\000o\000\040\000D\000:\000\040\000C\000o\000n\000t\000r\000o\000l\000\040\000d\000e\000\040\000V\000e\000r\000s\000i\000o\000n\000e\000s\000\040\000d\000e\000l\000\040\000D\000o\000c\000u\000m\000e\000n\000t\000o}{chapter.15}% 182
\BOOKMARK [0][-]{chapter.16}{\376\377\000F\000i\000r\000m\000a\000s\000\040\000d\000e\000\040\000A\000p\000r\000o\000b\000a\000c\000i\000\363\000n}{}% 183
\BOOKMARK [1][-]{section.16.1}{\376\377\000D\000e\000c\000l\000a\000r\000a\000c\000i\000\363\000n\000\040\000d\000e\000\040\000C\000o\000n\000f\000o\000r\000m\000i\000d\000a\000d}{chapter.16}% 184
\BOOKMARK [1][-]{section.16.2}{\376\377\000F\000i\000r\000m\000a\000s}{chapter.16}% 185
\BOOKMARK [1][-]{section.16.3}{\376\377\000C\000o\000n\000t\000r\000o\000l\000\040\000d\000e\000\040\000A\000p\000r\000o\000b\000a\000c\000i\000o\000n\000e\000s\000\040\000p\000o\000r\000\040\000N\000i\000v\000e\000l}{chapter.16}% 186
